<?xml version="1.0" encoding="UTF-8"?>
<!-- Generated by org.testng.reporters.JUnitXMLReporter -->
<testsuite hostname="DESKTOP-1C6302R" ignored="2" name="Default test" tests="1" failures="0" timestamp="09 Feb 2019 12:29:56 GMT" time="1.202" errors="0">
  <testcase name="POSTAPIWithHeaders" time="1.187" classname="com.qa.Tests.RestAPI"/>
  <testcase name="GetAPIWithHeaders" time="0.0" classname="com.qa.Tests.RestAPI">
    <ignored/>
  </testcase> <!-- GetAPIWithHeaders -->
  <testcase name="GetAPIWithoutHeaders" time="0.0" classname="com.qa.Tests.RestAPI">
    <ignored/>
  </testcase> <!-- GetAPIWithoutHeaders -->
</testsuite> <!-- Default test -->
